<?xml version="1.0" encoding="UTF-8"?>
<testsuite xmlns:xsi="http://www.w3.org/2001/XMLSchema-instance" xsi:noNamespaceSchemaLocation="https://maven.apache.org/surefire/maven-surefire-plugin/xsd/surefire-test-report-3.0.xsd" version="3.0" name="com.microservices.inventoryservice.InventoryServiceApplicationTests" time="4.605" tests="1" errors="0" skipped="0" failures="0">
  <properties>
[...]
</properties>
  <testcase name="contextLoads" classname="com.microservices.inventoryservice.InventoryServiceApplicationTests" time="0.351">
    <system-out><![CDATA[22:28:10.105 [main] INFO org.springframework.test.context.support.AnnotationConfigContextLoaderUtils -- Could not detect default configuration classes for test class [com.microservices.inventoryservice.InventoryServiceApplicationTests]: InventoryServiceApplicationTests does not declare any static, non-private, non-final, nested classes annotated with @Configuration.
22:28:10.151 [main] INFO org.springframework.boot.test.context.SpringBootTestContextBootstrapper -- Found @SpringBootConfiguration com.microservices.inventoryservice.InventoryServiceApplication for test class com.microservices.inventoryservice.InventoryServiceApplicationTests

  .   ____          _            __ _ _
 /\\ / ___'_ __ _ _(_)_ __  __ _ \ \ \ \
( ( )\___ | '_ | '_| | '_ \/ _` | \ \ \ \
 \\/  ___)| |_)| | | | | || (_| |  ) ) ) )
  '  |____| .__|_| |_|_| |_\__, | / / / /
 =========|_|==============|___/=/_/_/_/
 :: Spring Boot ::                (v3.1.3)

2023-08-28T22:28:10.368+05:30  INFO 96561 --- [           main] c.m.i.InventoryServiceApplicationTests   : Starting InventoryServiceApplicationTests using Java 17.0.6 with PID 96561 (started by tnluser in /Users/tnluser/Desktop/microservice-project/microservices-combined/inventory-service)
2023-08-28T22:28:10.368+05:30  INFO 96561 --- [           main] c.m.i.InventoryServiceApplicationTests   : No active profile set, falling back to 1 default profile: "default"
2023-08-28T22:28:11.041+05:30  INFO 96561 --- [           main] .s.d.r.c.RepositoryConfigurationDelegate : Bootstrapping Spring Data JPA repositories in DEFAULT mode.
2023-08-28T22:28:11.133+05:30  INFO 96561 --- [           main] .s.d.r.c.RepositoryConfigurationDelegate : Finished Spring Data repository scanning in 88 ms. Found 1 JPA repository interfaces.
2023-08-28T22:28:11.389+05:30  INFO 96561 --- [           main] o.s.cloud.context.scope.GenericScope     : BeanFactory id=c48bbe37-d3a8-3526-9b98-476d38301c5b
2023-08-28T22:28:11.614+05:30  INFO 96561 --- [           main] o.hibernate.jpa.internal.util.LogHelper  : HHH000204: Processing PersistenceUnitInfo [name: default]
2023-08-28T22:28:11.652+05:30  INFO 96561 --- [           main] org.hibernate.Version                    : HHH000412: Hibernate ORM core version 6.2.7.Final
2023-08-28T22:28:11.656+05:30  INFO 96561 --- [           main] org.hibernate.cfg.Environment            : HHH000406: Using bytecode reflection optimizer
2023-08-28T22:28:11.926+05:30  INFO 96561 --- [           main] o.h.b.i.BytecodeProviderInitiator        : HHH000021: Bytecode provider name : bytebuddy
2023-08-28T22:28:12.043+05:30  INFO 96561 --- [           main] o.s.o.j.p.SpringPersistenceUnitInfo      : No LoadTimeWeaver setup: ignoring JPA class transformer
2023-08-28T22:28:12.061+05:30  INFO 96561 --- [           main] com.zaxxer.hikari.HikariDataSource       : HikariPool-1 - Starting...
2023-08-28T22:28:12.241+05:30  INFO 96561 --- [           main] com.zaxxer.hikari.pool.HikariPool        : HikariPool-1 - Added connection com.mysql.cj.jdbc.ConnectionImpl@26ffd2c0
2023-08-28T22:28:12.243+05:30  INFO 96561 --- [           main] com.zaxxer.hikari.HikariDataSource       : HikariPool-1 - Start completed.
2023-08-28T22:28:12.601+05:30  INFO 96561 --- [           main] o.h.b.i.BytecodeProviderInitiator        : HHH000021: Bytecode provider name : bytebuddy
2023-08-28T22:28:13.241+05:30  INFO 96561 --- [           main] o.h.e.t.j.p.i.JtaPlatformInitiator       : HHH000490: Using JtaPlatform implementation: [org.hibernate.engine.transaction.jta.platform.internal.NoJtaPlatform]
2023-08-28T22:28:13.285+05:30  INFO 96561 --- [           main] j.LocalContainerEntityManagerFactoryBean : Initialized JPA EntityManagerFactory for persistence unit 'default'
2023-08-28T22:28:13.589+05:30  WARN 96561 --- [           main] JpaBaseConfiguration$JpaWebConfiguration : spring.jpa.open-in-view is enabled by default. Therefore, database queries may be performed during view rendering. Explicitly configure spring.jpa.open-in-view to disable this warning
2023-08-28T22:28:13.863+05:30  INFO 96561 --- [           main] DiscoveryClientOptionalArgsConfiguration : Eureka HTTP Client uses RestTemplate.
2023-08-28T22:28:13.904+05:30  WARN 96561 --- [           main] iguration$LoadBalancerCaffeineWarnLogger : Spring Cloud LoadBalancer is currently working with the default cache. While this cache implementation is useful for development and tests, it's recommended to use Caffeine cache in production.You can switch to using Caffeine cache, by adding it and org.springframework.cache.caffeine.CaffeineCacheManager to the classpath.
2023-08-28T22:28:13.916+05:30  INFO 96561 --- [           main] o.s.c.n.eureka.InstanceInfoFactory       : Setting initial instance status as: STARTING
2023-08-28T22:28:13.987+05:30  INFO 96561 --- [           main] com.netflix.discovery.DiscoveryClient    : Initializing Eureka in region us-east-1
2023-08-28T22:28:13.989+05:30  INFO 96561 --- [           main] c.n.d.s.r.aws.ConfigClusterResolver      : Resolving eureka endpoints via configuration
2023-08-28T22:28:13.999+05:30  INFO 96561 --- [           main] com.netflix.discovery.DiscoveryClient    : Disable delta property : false
2023-08-28T22:28:13.999+05:30  INFO 96561 --- [           main] com.netflix.discovery.DiscoveryClient    : Single vip registry refresh property : null
2023-08-28T22:28:13.999+05:30  INFO 96561 --- [           main] com.netflix.discovery.DiscoveryClient    : Force full registry fetch : false
2023-08-28T22:28:14.000+05:30  INFO 96561 --- [           main] com.netflix.discovery.DiscoveryClient    : Application is null : false
2023-08-28T22:28:14.000+05:30  INFO 96561 --- [           main] com.netflix.discovery.DiscoveryClient    : Registered Applications size is zero : true
2023-08-28T22:28:14.000+05:30  INFO 96561 --- [           main] com.netflix.discovery.DiscoveryClient    : Application version is -1: true
2023-08-28T22:28:14.000+05:30  INFO 96561 --- [           main] com.netflix.discovery.DiscoveryClient    : Getting all instance registry info from the eureka server
2023-08-28T22:28:14.228+05:30  INFO 96561 --- [           main] com.netflix.discovery.DiscoveryClient    : The response status is 200
2023-08-28T22:28:14.229+05:30  INFO 96561 --- [           main] com.netflix.discovery.DiscoveryClient    : Starting heartbeat executor: renew interval is: 30
2023-08-28T22:28:14.230+05:30  INFO 96561 --- [           main] c.n.discovery.InstanceInfoReplicator     : InstanceInfoReplicator onDemand update allowed rate per min is 4
2023-08-28T22:28:14.232+05:30  INFO 96561 --- [           main] com.netflix.discovery.DiscoveryClient    : Discovery Client initialized at timestamp 1693241894232 with initial instances count: 0
2023-08-28T22:28:14.236+05:30  INFO 96561 --- [           main] o.s.c.n.e.s.EurekaServiceRegistry        : Registering application UNKNOWN with eureka with status UP
2023-08-28T22:28:14.237+05:30  INFO 96561 --- [           main] com.netflix.discovery.DiscoveryClient    : Saw local status change event StatusChangeEvent [timestamp=1693241894237, current=UP, previous=STARTING]
2023-08-28T22:28:14.243+05:30  INFO 96561 --- [nfoReplicator-0] com.netflix.discovery.DiscoveryClient    : DiscoveryClient_UNKNOWN/192.168.1.2:8082: registering service...
2023-08-28T22:28:14.255+05:30  INFO 96561 --- [           main] c.m.i.InventoryServiceApplicationTests   : Started InventoryServiceApplicationTests in 4.049 seconds (process running for 4.566)
2023-08-28T22:28:14.281+05:30  INFO 96561 --- [nfoReplicator-0] com.netflix.discovery.DiscoveryClient    : DiscoveryClient_UNKNOWN/192.168.1.2:8082 - registration status: 204
]]></system-out>
  </testcase>
</testsuite>